<?xml version="1.0" encoding="UTF-8"?>
<!-- Generated by org.testng.reporters.JUnitReportReporter -->
<testsuite hostname="mindc1d441" failures="0" tests="1" name="UrbanLadder.Website.Ul_mandatoryfields" time="16.672" errors="0" timestamp="25 May 2022 09:58:44 GMT" skipped="0">
  <testcase classname="UrbanLadder.Website.Ul_mandatoryfields" name="Test7" time="16.672"/>
</testsuite> <!-- UrbanLadder.Website.Ul_mandatoryfields -->
