<?xml version="1.0" encoding="UTF-8"?>
<!-- Generated by org.testng.reporters.JUnitReportReporter -->
<testsuite hostname="mindc1d441" failures="0" tests="1" name="UrbanLadder.Website.orderitem_Ul" time="33.194" errors="0" timestamp="25 May 2022 09:58:44 GMT" skipped="0">
  <testcase classname="UrbanLadder.Website.orderitem_Ul" name="Test1" time="33.194"/>
</testsuite> <!-- UrbanLadder.Website.orderitem_Ul -->
